Saxon/net/sf/saxon/type/ItemType.java
Saxon/net/sf/saxon/type/SchemaURIResolver.java
Saxon/net/sf/saxon/type/SchemaType.java
Saxon/net/sf/saxon/type/AnySimpleType.java
Saxon/net/sf/saxon/type/BuiltInListType.java
Saxon/net/sf/saxon/type/BuiltInAtomicType.java
Saxon/net/sf/saxon/type/SchemaDeclaration.java
Saxon/net/sf/saxon/type/AnyItemType.java
Saxon/net/sf/saxon/type/ComplexType.java
Saxon/net/sf/saxon/type/ValidationException.java
Saxon/net/sf/saxon/type/ExternalObjectType.java
Saxon/net/sf/saxon/type/ListType.java
Saxon/net/sf/saxon/type/AtomicType.java
Saxon/net/sf/saxon/type/SchemaException.java
Saxon/net/sf/saxon/type/BuiltInSchemaFactory.java
Saxon/net/sf/saxon/type/TypeHierarchy.java
Saxon/net/sf/saxon/type/Type.java
Saxon/net/sf/saxon/type/SchemaComponent.java
Saxon/net/sf/saxon/type/UnresolvedReferenceException.java
Saxon/net/sf/saxon/type/Untyped.java
Saxon/net/sf/saxon/type/AnyType.java
Saxon/net/sf/saxon/type/SimpleType.java
Saxon/net/sf/saxon/number/Numberer.java
Saxon/net/sf/saxon/number/Numberer_en.java
Saxon/net/sf/saxon/number/Numberer_fr.java
Saxon/net/sf/saxon/number/Numberer_de.java
Saxon/net/sf/saxon/number/NumberFormatter.java
Saxon/net/sf/saxon/jdom/DocumentWrapper.java
Saxon/net/sf/saxon/jdom/JDOMQuery.java
Saxon/net/sf/saxon/jdom/JDOMObjectModel.java
Saxon/net/sf/saxon/jdom/JDOMTransform.java
Saxon/net/sf/saxon/jdom/NodeWrapper.java
Saxon/net/sf/saxon/tree/SystemIdMap.java
Saxon/net/sf/saxon/tree/DocumentImpl.java
Saxon/net/sf/saxon/tree/TextImpl.java
Saxon/net/sf/saxon/tree/TreeBuilder.java
Saxon/net/sf/saxon/tree/TreeEnumeration.java
Saxon/net/sf/saxon/tree/PrecedingEnumeration.java
Saxon/net/sf/saxon/tree/NodeImpl.java
Saxon/net/sf/saxon/tree/FollowingEnumeration.java
Saxon/net/sf/saxon/tree/PrecedingOrAncestorEnumeration.java
Saxon/net/sf/saxon/tree/AttributeEnumeration.java
Saxon/net/sf/saxon/tree/ElementImpl.java
Saxon/net/sf/saxon/tree/NodeFactory.java
Saxon/net/sf/saxon/tree/FollowingSiblingEnumeration.java
Saxon/net/sf/saxon/tree/DescendantEnumeration.java
Saxon/net/sf/saxon/tree/PrecedingSiblingEnumeration.java
Saxon/net/sf/saxon/tree/ParentNodeImpl.java
Saxon/net/sf/saxon/tree/ProcInstImpl.java
Saxon/net/sf/saxon/tree/CommentImpl.java
Saxon/net/sf/saxon/tree/AttributeImpl.java
Saxon/net/sf/saxon/tree/AncestorEnumeration.java
Saxon/net/sf/saxon/tree/ChildEnumeration.java
Saxon/net/sf/saxon/tree/ElementWithAttributes.java
Saxon/net/sf/saxon/tree/LineNumberMap.java
Saxon/net/sf/saxon/tinytree/TinyTree.java
Saxon/net/sf/saxon/tinytree/TinyDocumentImpl.java
Saxon/net/sf/saxon/tinytree/PrecedingEnumeration.java
Saxon/net/sf/saxon/tinytree/FollowingEnumeration.java
Saxon/net/sf/saxon/tinytree/TinyTreeWalker.java
Saxon/net/sf/saxon/tinytree/AttributeEnumeration.java
Saxon/net/sf/saxon/tinytree/TinyTextImpl.java
Saxon/net/sf/saxon/tinytree/LargeStringBuffer.java
Saxon/net/sf/saxon/tinytree/TinyNodeImpl.java
Saxon/net/sf/saxon/tinytree/PrecedingSiblingEnumeration.java
Saxon/net/sf/saxon/tinytree/DescendantEnumeration.java
Saxon/net/sf/saxon/tinytree/TinyElementImpl.java
Saxon/net/sf/saxon/tinytree/CompressedWhitespace.java
Saxon/net/sf/saxon/tinytree/TinyAttributeCollection.java
Saxon/net/sf/saxon/tinytree/WhitespaceTextImpl.java
Saxon/net/sf/saxon/tinytree/AncestorEnumeration.java
Saxon/net/sf/saxon/tinytree/TinyParentNodeImpl.java
Saxon/net/sf/saxon/tinytree/TinyProcInstImpl.java
Saxon/net/sf/saxon/tinytree/TinyCommentImpl.java
Saxon/net/sf/saxon/tinytree/TinyAttributeImpl.java
Saxon/net/sf/saxon/tinytree/TinyBuilder.java
Saxon/net/sf/saxon/tinytree/DeclaredPrefixIterator.java
Saxon/net/sf/saxon/tinytree/CharSlice.java
Saxon/net/sf/saxon/tinytree/SiblingEnumeration.java
Saxon/net/sf/saxon/query/XQueryFunction.java
Saxon/net/sf/saxon/query/QueryResult.java
Saxon/net/sf/saxon/query/UnboundFunctionLibrary.java
Saxon/net/sf/saxon/query/StandardModuleURIResolver.java
Saxon/net/sf/saxon/query/SequenceWrapper.java
Saxon/net/sf/saxon/query/UndeclaredVariable.java
Saxon/net/sf/saxon/query/XQueryExpression.java
Saxon/net/sf/saxon/query/ImportedFunctionLibrary.java
Saxon/net/sf/saxon/query/GlobalVariableDefinition.java
Saxon/net/sf/saxon/query/DynamicQueryContext.java
Saxon/net/sf/saxon/query/StaticQueryContext.java
Saxon/net/sf/saxon/query/QueryParser.java
Saxon/net/sf/saxon/query/Declaration.java
Saxon/net/sf/saxon/query/XQueryFunctionBinder.java
Saxon/net/sf/saxon/query/ModuleURIResolver.java
Saxon/net/sf/saxon/query/QueryReader.java
Saxon/net/sf/saxon/query/XQueryFunctionLibrary.java
Saxon/net/sf/saxon/charcode/EucJPCharacterSet.java
Saxon/net/sf/saxon/charcode/CharacterSetFactory.java
Saxon/net/sf/saxon/charcode/ISO88591CharacterSet.java
Saxon/net/sf/saxon/charcode/EucKRCharacterSet.java
Saxon/net/sf/saxon/charcode/ISO88592CharacterSet.java
Saxon/net/sf/saxon/charcode/CP1250CharacterSet.java
Saxon/net/sf/saxon/charcode/CP1251CharacterSet.java
Saxon/net/sf/saxon/charcode/CP1252CharacterSet.java
Saxon/net/sf/saxon/charcode/ISO88595CharacterSet.java
Saxon/net/sf/saxon/charcode/BuggyCharacterSet.java
Saxon/net/sf/saxon/charcode/ISO88597CharacterSet.java
Saxon/net/sf/saxon/charcode/CharacterSet.java
Saxon/net/sf/saxon/charcode/ISO88598CharacterSet.java
Saxon/net/sf/saxon/charcode/ISO88599CharacterSet.java
Saxon/net/sf/saxon/charcode/ShiftJISCharacterSet.java
Saxon/net/sf/saxon/charcode/Big5CharacterSet.java
Saxon/net/sf/saxon/charcode/UnicodeCharacterSet.java
Saxon/net/sf/saxon/charcode/ASCIICharacterSet.java
Saxon/net/sf/saxon/charcode/KOI8RCharacterSet.java
Saxon/net/sf/saxon/charcode/UnknownCharacterSet.java
Saxon/net/sf/saxon/charcode/GB2312CharacterSet.java
Saxon/net/sf/saxon/charcode/CP852CharacterSet.java
Saxon/net/sf/saxon/charcode/PluggableCharacterSet.java
Saxon/net/sf/saxon/javax/xml/xquery/XQCommonHandler.java
Saxon/net/sf/saxon/javax/xml/xquery/XQDynamicContext.java
Saxon/net/sf/saxon/javax/xml/xquery/XQCancelledException.java
Saxon/net/sf/saxon/javax/xml/xquery/XQDataSource.java
Saxon/net/sf/saxon/javax/xml/xquery/XQStackTraceVariable.java
Saxon/net/sf/saxon/javax/xml/xquery/XQStaticContext.java
Saxon/net/sf/saxon/javax/xml/xquery/XQResultItem.java
Saxon/net/sf/saxon/javax/xml/xquery/XQItem.java
Saxon/net/sf/saxon/javax/xml/xquery/XQException.java
Saxon/net/sf/saxon/javax/xml/xquery/XQStackTraceElement.java
Saxon/net/sf/saxon/javax/xml/xquery/XQExpression.java
Saxon/net/sf/saxon/javax/xml/xquery/XQConnection.java
Saxon/net/sf/saxon/javax/xml/xquery/XQItemType.java
Saxon/net/sf/saxon/javax/xml/xquery/XQDataFactory.java
Saxon/net/sf/saxon/javax/xml/xquery/XQWarning.java
Saxon/net/sf/saxon/javax/xml/xquery/XQResultSequence.java
Saxon/net/sf/saxon/javax/xml/xquery/XQSequence.java
Saxon/net/sf/saxon/javax/xml/xquery/XQSequenceType.java
Saxon/net/sf/saxon/javax/xml/xquery/XQConstants.java
Saxon/net/sf/saxon/javax/xml/xquery/XQMetaData.java
Saxon/net/sf/saxon/javax/xml/xquery/XQItemAccessor.java
Saxon/net/sf/saxon/javax/xml/xquery/XQPreparedExpression.java
Saxon/net/sf/saxon/javax/xml/xquery/XQQueryException.java
Saxon/net/sf/saxon/regex/RegexSyntaxException.java
Saxon/net/sf/saxon/regex/RegularExpression.java
Saxon/net/sf/saxon/regex/JDK14RegexTranslator.java
Saxon/net/sf/saxon/regex/CaseVariants.java
Saxon/net/sf/saxon/regex/JDK15RegexTranslator.java
Saxon/net/sf/saxon/regex/JTokenIterator.java
Saxon/net/sf/saxon/regex/RegexIterator.java
Saxon/net/sf/saxon/regex/JRegularExpression.java
Saxon/net/sf/saxon/regex/JRegexIterator.java
Saxon/net/sf/saxon/instruct/TraceWrapper.java
Saxon/net/sf/saxon/instruct/TraceInstruction.java
Saxon/net/sf/saxon/instruct/Comment.java
Saxon/net/sf/saxon/instruct/ApplyImports.java
Saxon/net/sf/saxon/instruct/Attribute.java
Saxon/net/sf/saxon/instruct/ApplyTemplates.java
Saxon/net/sf/saxon/instruct/LocationMap.java
Saxon/net/sf/saxon/instruct/ForEach.java
Saxon/net/sf/saxon/instruct/CallTemplate.java
Saxon/net/sf/saxon/instruct/Doctype.java
Saxon/net/sf/saxon/instruct/TerminationException.java
Saxon/net/sf/saxon/instruct/ElementCreator.java
Saxon/net/sf/saxon/instruct/LocalParam.java
Saxon/net/sf/saxon/instruct/GlobalParameterSet.java
Saxon/net/sf/saxon/instruct/AttributeSet.java
Saxon/net/sf/saxon/instruct/QuerySimpleContentConstructor.java
Saxon/net/sf/saxon/instruct/GlobalParam.java
Saxon/net/sf/saxon/instruct/Executable.java
Saxon/net/sf/saxon/instruct/ForEachGroup.java
Saxon/net/sf/saxon/instruct/Debugger.java
Saxon/net/sf/saxon/instruct/Message.java
Saxon/net/sf/saxon/instruct/TailCall.java
Saxon/net/sf/saxon/instruct/UserFunctionParameter.java
Saxon/net/sf/saxon/instruct/AnalyzeString.java
Saxon/net/sf/saxon/instruct/NumberInstruction.java
Saxon/net/sf/saxon/instruct/SimpleContentConstructor.java
Saxon/net/sf/saxon/instruct/Bindery.java
Saxon/net/sf/saxon/instruct/Namespace.java
Saxon/net/sf/saxon/instruct/WithParam.java
Saxon/net/sf/saxon/instruct/DocumentInstr.java
Saxon/net/sf/saxon/instruct/CopyOf.java
Saxon/net/sf/saxon/instruct/LocalVariable.java
Saxon/net/sf/saxon/instruct/ValueOf.java
Saxon/net/sf/saxon/instruct/ParentNodeConstructor.java
Saxon/net/sf/saxon/instruct/SimpleNodeConstructor.java
Saxon/net/sf/saxon/instruct/GlobalVariable.java
Saxon/net/sf/saxon/instruct/While.java
Saxon/net/sf/saxon/instruct/FixedElement.java
Saxon/net/sf/saxon/instruct/Copy.java
Saxon/net/sf/saxon/instruct/Template.java
Saxon/net/sf/saxon/instruct/SlotManager.java
Saxon/net/sf/saxon/instruct/TailCallReturner.java
Saxon/net/sf/saxon/instruct/ResultDocument.java
Saxon/net/sf/saxon/instruct/ProcessingInstruction.java
Saxon/net/sf/saxon/instruct/TraceExpression.java
Saxon/net/sf/saxon/instruct/UseAttributeSets.java
Saxon/net/sf/saxon/instruct/Choose.java
Saxon/net/sf/saxon/instruct/Instruction.java
Saxon/net/sf/saxon/instruct/GeneralVariable.java
Saxon/net/sf/saxon/instruct/FixedAttribute.java
Saxon/net/sf/saxon/instruct/Assign.java
Saxon/net/sf/saxon/instruct/SavedNamespaceContext.java
Saxon/net/sf/saxon/instruct/UserFunction.java
Saxon/net/sf/saxon/instruct/InstructionDetails.java
Saxon/net/sf/saxon/instruct/Procedure.java
Saxon/net/sf/saxon/instruct/DummyNamespaceResolver.java
Saxon/net/sf/saxon/instruct/Block.java
Saxon/net/sf/saxon/instruct/ComputedElement.java
Saxon/net/sf/saxon/instruct/NextMatch.java
Saxon/net/sf/saxon/instruct/ParameterSet.java
Saxon/net/sf/saxon/value/SequenceExtent.java
Saxon/net/sf/saxon/value/FloatValue.java
Saxon/net/sf/saxon/value/ObjectValue.java
Saxon/net/sf/saxon/value/StringValue.java
Saxon/net/sf/saxon/value/GYearValue.java
Saxon/net/sf/saxon/value/AnyURIValue.java
Saxon/net/sf/saxon/value/FloatingPointConverter.java
Saxon/net/sf/saxon/value/TextFragmentValue.java
Saxon/net/sf/saxon/value/CalendarValue.java
Saxon/net/sf/saxon/value/SequenceType.java
Saxon/net/sf/saxon/value/GDayValue.java
Saxon/net/sf/saxon/value/DurationValue.java
Saxon/net/sf/saxon/value/UntypedAtomicValue.java
Saxon/net/sf/saxon/value/HexBinaryValue.java
Saxon/net/sf/saxon/value/Base64BinaryValue.java
Saxon/net/sf/saxon/value/GMonthDayValue.java
Saxon/net/sf/saxon/value/NotationValue.java
Saxon/net/sf/saxon/value/DateTimeValue.java
Saxon/net/sf/saxon/value/TimeValue.java
Saxon/net/sf/saxon/value/QNameValue.java
Saxon/net/sf/saxon/value/NumericValue.java
Saxon/net/sf/saxon/value/SecondsDurationValue.java
Saxon/net/sf/saxon/value/ValidationErrorValue.java
Saxon/net/sf/saxon/value/Cardinality.java
Saxon/net/sf/saxon/value/DoubleValue.java
Saxon/net/sf/saxon/value/SingletonNode.java
Saxon/net/sf/saxon/value/AtomicValue.java
Saxon/net/sf/saxon/value/IntegerRange.java
Saxon/net/sf/saxon/value/GYearMonthValue.java
Saxon/net/sf/saxon/value/DateValue.java
Saxon/net/sf/saxon/value/BigIntegerValue.java
Saxon/net/sf/saxon/value/BooleanValue.java
Saxon/net/sf/saxon/value/Closure.java
Saxon/net/sf/saxon/value/Value.java
Saxon/net/sf/saxon/value/ShareableSequence.java
Saxon/net/sf/saxon/value/EmptySequence.java
Saxon/net/sf/saxon/value/MonthDurationValue.java
Saxon/net/sf/saxon/value/GMonthValue.java
Saxon/net/sf/saxon/value/MemoClosure.java
Saxon/net/sf/saxon/value/IntegerValue.java
Saxon/net/sf/saxon/value/DecimalValue.java
Saxon/net/sf/saxon/value/RestrictedStringValue.java
Saxon/net/sf/saxon/value/Whitespace.java
Saxon/net/sf/saxon/pattern/AnyChildNodePattern.java
Saxon/net/sf/saxon/pattern/PatternSponsor.java
Saxon/net/sf/saxon/pattern/ContentTypeTest.java
Saxon/net/sf/saxon/pattern/Pattern.java
Saxon/net/sf/saxon/pattern/NameTest.java
Saxon/net/sf/saxon/pattern/NoNodeTest.java
Saxon/net/sf/saxon/pattern/NodeTestPattern.java
Saxon/net/sf/saxon/pattern/LocationPathPattern.java
Saxon/net/sf/saxon/pattern/DocumentNodeTest.java
Saxon/net/sf/saxon/pattern/NodeTest.java
Saxon/net/sf/saxon/pattern/KeyPattern.java
Saxon/net/sf/saxon/pattern/CombinedNodeTest.java
Saxon/net/sf/saxon/pattern/UnionPattern.java
Saxon/net/sf/saxon/pattern/IdrefTest.java
Saxon/net/sf/saxon/pattern/SubstitutionGroupTest.java
Saxon/net/sf/saxon/pattern/IDPattern.java
Saxon/net/sf/saxon/pattern/NodeKindTest.java
Saxon/net/sf/saxon/pattern/LocalNameTest.java
Saxon/net/sf/saxon/pattern/NamespaceTest.java
Saxon/net/sf/saxon/pattern/AnyNodeTest.java
Saxon/net/sf/saxon/expr/DifferenceEnumeration.java
Saxon/net/sf/saxon/expr/BinaryExpression.java
Saxon/net/sf/saxon/expr/VariableReference.java
Saxon/net/sf/saxon/expr/MappingIterator.java
Saxon/net/sf/saxon/expr/TypeChecker.java
Saxon/net/sf/saxon/expr/SingleNodeExpression.java
Saxon/net/sf/saxon/expr/EagerLetExpression.java
Saxon/net/sf/saxon/expr/InstanceOfExpression.java
Saxon/net/sf/saxon/expr/ArithmeticExpression.java
Saxon/net/sf/saxon/expr/IntersectionEnumeration.java
Saxon/net/sf/saxon/expr/SingletonAtomizer.java
Saxon/net/sf/saxon/expr/PositionIterator.java
Saxon/net/sf/saxon/expr/TailCallLoop.java
Saxon/net/sf/saxon/expr/StackFrame.java
Saxon/net/sf/saxon/expr/UserFunctionCall.java
Saxon/net/sf/saxon/expr/CurrentItemExpression.java
Saxon/net/sf/saxon/expr/ContextItemExpression.java
Saxon/net/sf/saxon/expr/ItemMappingIterator.java
Saxon/net/sf/saxon/expr/RoleLocator.java
Saxon/net/sf/saxon/expr/SimpleMappingExpression.java
Saxon/net/sf/saxon/expr/XPathContext.java
Saxon/net/sf/saxon/expr/StaticProperty.java
Saxon/net/sf/saxon/expr/CastableExpression.java
Saxon/net/sf/saxon/expr/MappingFunction.java
Saxon/net/sf/saxon/expr/MultiIterator.java
Saxon/net/sf/saxon/expr/RangeIterator.java
Saxon/net/sf/saxon/expr/QuantifiedExpression.java
Saxon/net/sf/saxon/expr/GeneralComparison10.java
Saxon/net/sf/saxon/expr/ErrorExpression.java
Saxon/net/sf/saxon/expr/SimpleExpression.java
Saxon/net/sf/saxon/expr/CastExpression.java
Saxon/net/sf/saxon/expr/Tokenizer.java
Saxon/net/sf/saxon/expr/IntegerRangeTest.java
Saxon/net/sf/saxon/expr/ReversibleIterator.java
Saxon/net/sf/saxon/expr/UntypedAtomicConverter.java
Saxon/net/sf/saxon/expr/IfExpression.java
Saxon/net/sf/saxon/expr/UnaryExpression.java
Saxon/net/sf/saxon/expr/LocalVariableReference.java
Saxon/net/sf/saxon/expr/Assignation.java
Saxon/net/sf/saxon/expr/LastPositionFinder.java
Saxon/net/sf/saxon/expr/ItemMappingFunction.java
Saxon/net/sf/saxon/expr/Token.java
Saxon/net/sf/saxon/expr/PositionRange.java
Saxon/net/sf/saxon/expr/CollationMap.java
Saxon/net/sf/saxon/expr/Container.java
Saxon/net/sf/saxon/expr/XPathContextMajor.java
Saxon/net/sf/saxon/expr/ItemChecker.java
Saxon/net/sf/saxon/expr/IdentityComparison.java
Saxon/net/sf/saxon/expr/AxisExpression.java
Saxon/net/sf/saxon/expr/FirstItemExpression.java
Saxon/net/sf/saxon/expr/VennExpression.java
Saxon/net/sf/saxon/expr/CardinalityChecker.java
Saxon/net/sf/saxon/expr/VariableDeclaration.java
Saxon/net/sf/saxon/expr/StaticContext.java
Saxon/net/sf/saxon/expr/ExpressionTool.java
Saxon/net/sf/saxon/expr/SingletonComparison.java
Saxon/net/sf/saxon/expr/XPathContextMinor.java
Saxon/net/sf/saxon/expr/BooleanExpression.java
Saxon/net/sf/saxon/expr/Expression.java
Saxon/net/sf/saxon/expr/RootExpression.java
Saxon/net/sf/saxon/expr/PairIterator.java
Saxon/net/sf/saxon/expr/FilterExpression.java
Saxon/net/sf/saxon/expr/ValueComparison.java
Saxon/net/sf/saxon/expr/GeneralComparison.java
Saxon/net/sf/saxon/expr/Binding.java
Saxon/net/sf/saxon/expr/ContextMappingIterator.java
Saxon/net/sf/saxon/expr/RangeExpression.java
Saxon/net/sf/saxon/expr/IsLastExpression.java
Saxon/net/sf/saxon/expr/SliceExpression.java
Saxon/net/sf/saxon/expr/FunctionCall.java
Saxon/net/sf/saxon/expr/AppendIterator.java
Saxon/net/sf/saxon/expr/StringTokenIterator.java
Saxon/net/sf/saxon/expr/Optimizer.java
Saxon/net/sf/saxon/expr/ExpressionLocation.java
Saxon/net/sf/saxon/expr/BindingReference.java
Saxon/net/sf/saxon/expr/NumericPromoter.java
Saxon/net/sf/saxon/expr/ComparisonExpression.java
Saxon/net/sf/saxon/expr/LazyExpression.java
Saxon/net/sf/saxon/expr/FilterIterator.java
Saxon/net/sf/saxon/expr/TreatExpression.java
Saxon/net/sf/saxon/expr/UnionEnumeration.java
Saxon/net/sf/saxon/expr/ComputedExpression.java
Saxon/net/sf/saxon/expr/LetExpression.java
Saxon/net/sf/saxon/expr/SuppliedParameterReference.java
Saxon/net/sf/saxon/expr/ForExpression.java
Saxon/net/sf/saxon/expr/ContextMappingFunction.java
Saxon/net/sf/saxon/expr/PromotionOffer.java
Saxon/net/sf/saxon/expr/RangeVariableDeclaration.java
Saxon/net/sf/saxon/expr/EarlyEvaluationContext.java
Saxon/net/sf/saxon/expr/TailExpression.java
Saxon/net/sf/saxon/expr/PathExpression.java
Saxon/net/sf/saxon/expr/ExpressionParser.java
Saxon/net/sf/saxon/expr/ParentNodeExpression.java
Saxon/net/sf/saxon/expr/CompareToIntegerConstant.java
Saxon/net/sf/saxon/expr/MonoIterator.java
Saxon/net/sf/saxon/expr/Atomizer.java
Saxon/net/sf/saxon/expr/AtomicSequenceConverter.java
Saxon/net/sf/saxon/dom/DocumentBuilderFactoryImpl.java
Saxon/net/sf/saxon/dom/DOMAttributeMap.java
Saxon/net/sf/saxon/dom/TextOverNodeInfo.java
Saxon/net/sf/saxon/dom/NodeOverNodeInfo.java
Saxon/net/sf/saxon/dom/ElementOverNodeInfo.java
Saxon/net/sf/saxon/dom/DocumentBuilderImpl.java
Saxon/net/sf/saxon/dom/DOMImplementationImpl.java
Saxon/net/sf/saxon/dom/DOMTransform.java
Saxon/net/sf/saxon/dom/DOMWriter.java
Saxon/net/sf/saxon/dom/DOMEnvelope.java
Saxon/net/sf/saxon/dom/DocumentWrapper.java
Saxon/net/sf/saxon/dom/TypeInfoImpl.java
Saxon/net/sf/saxon/dom/DOMSender.java
Saxon/net/sf/saxon/dom/DOMExceptionImpl.java
Saxon/net/sf/saxon/dom/DOMNodeList.java
Saxon/net/sf/saxon/dom/NodeWrapper.java
Saxon/net/sf/saxon/dom/PIOverNodeInfo.java
Saxon/net/sf/saxon/dom/DOMObjectModel.java
Saxon/net/sf/saxon/dom/TextOverAttrInfo.java
Saxon/net/sf/saxon/dom/AttrOverNodeInfo.java
Saxon/net/sf/saxon/dom/DocumentOverNodeInfo.java
Saxon/net/sf/saxon/event/Receiver.java
Saxon/net/sf/saxon/event/SaxonOutputKeys.java
Saxon/net/sf/saxon/event/Stripper.java
Saxon/net/sf/saxon/event/LocationCopier.java
Saxon/net/sf/saxon/event/ContentHandlerProxy.java
Saxon/net/sf/saxon/event/SequenceCopier.java
Saxon/net/sf/saxon/event/SaxonLocator.java
Saxon/net/sf/saxon/event/MessageEmitter.java
Saxon/net/sf/saxon/event/XHTMLURIEscaper.java
Saxon/net/sf/saxon/event/Sender.java
Saxon/net/sf/saxon/event/CDATAFilter.java
Saxon/net/sf/saxon/event/StartTagBuffer.java
Saxon/net/sf/saxon/event/MetaTagAdjuster.java
Saxon/net/sf/saxon/event/XHTMLEmitter.java
Saxon/net/sf/saxon/event/TransformerReceiver.java
Saxon/net/sf/saxon/event/XMLIndenter.java
Saxon/net/sf/saxon/event/PIGrabber.java
Saxon/net/sf/saxon/event/HTMLIndenter.java
Saxon/net/sf/saxon/event/SequenceReceiver.java
Saxon/net/sf/saxon/event/ImplicitResultChecker.java
Saxon/net/sf/saxon/event/ContentHandlerProxyLocator.java
Saxon/net/sf/saxon/event/CopyNamespaceSensitiveException.java
Saxon/net/sf/saxon/event/SerializerFactory.java
Saxon/net/sf/saxon/event/NamePoolConverter.java
Saxon/net/sf/saxon/event/IDFilter.java
Saxon/net/sf/saxon/event/StandardOutputResolver.java
Saxon/net/sf/saxon/event/ReceivingContentHandler.java
Saxon/net/sf/saxon/event/SequenceOutputter.java
Saxon/net/sf/saxon/event/Sink.java
Saxon/net/sf/saxon/event/SourceLocationProvider.java
Saxon/net/sf/saxon/event/SequenceWriter.java
Saxon/net/sf/saxon/event/ProxyReceiver.java
Saxon/net/sf/saxon/event/NamespaceReducer.java
Saxon/net/sf/saxon/event/Emitter.java
Saxon/net/sf/saxon/event/TeeOutputter.java
Saxon/net/sf/saxon/event/TEXTEmitter.java
Saxon/net/sf/saxon/event/DocumentSender.java
Saxon/net/sf/saxon/event/ReceiverOptions.java
Saxon/net/sf/saxon/event/HTMLTagHashSet.java
Saxon/net/sf/saxon/event/CharacterMapExpander.java
Saxon/net/sf/saxon/event/XML10ContentChecker.java
Saxon/net/sf/saxon/event/UncommittedSerializer.java
Saxon/net/sf/saxon/event/LocationProvider.java
Saxon/net/sf/saxon/event/TypeCheckingFilter.java
Saxon/net/sf/saxon/event/DocumentValidator.java
Saxon/net/sf/saxon/event/TreeReceiver.java
Saxon/net/sf/saxon/event/XHTMLIndenter.java
Saxon/net/sf/saxon/event/Builder.java
Saxon/net/sf/saxon/event/NoOpenStartTagException.java
Saxon/net/sf/saxon/event/HTMLURIEscaper.java
Saxon/net/sf/saxon/event/UnicodeNormalizer.java
Saxon/net/sf/saxon/event/XMLEmitter.java
Saxon/net/sf/saxon/event/CommentStripper.java
Saxon/net/sf/saxon/event/PipelineConfiguration.java
Saxon/net/sf/saxon/event/TracingFilter.java
Saxon/net/sf/saxon/event/ComplexContentOutputter.java
Saxon/net/sf/saxon/event/HTMLEmitter.java
Saxon/net/sf/saxon/xpath/XPathFunctionLibrary.java
Saxon/net/sf/saxon/xpath/NamespaceContextImpl.java
Saxon/net/sf/saxon/xpath/XPathExpressionImpl.java
Saxon/net/sf/saxon/xpath/XPathFunctionCall.java
Saxon/net/sf/saxon/xpath/XPathEvaluator.java
Saxon/net/sf/saxon/xpath/JAXPVariable.java
Saxon/net/sf/saxon/xpath/StandaloneContext.java
Saxon/net/sf/saxon/xpath/XPathFactoryImpl.java
Saxon/net/sf/saxon/sort/GroupAdjacentIterator.java
Saxon/net/sf/saxon/sort/GroupByIterator.java
Saxon/net/sf/saxon/sort/AlphanumericComparer.java
Saxon/net/sf/saxon/sort/GenericAtomicComparer.java
Saxon/net/sf/saxon/sort/IntArraySet.java
Saxon/net/sf/saxon/sort/AtomicComparer.java
Saxon/net/sf/saxon/sort/SortExpression.java
Saxon/net/sf/saxon/sort/StandardCollationURIResolver.java
Saxon/net/sf/saxon/sort/SortKeyDefinition.java
Saxon/net/sf/saxon/sort/IntToIntHashMap.java
Saxon/net/sf/saxon/sort/CodepointCollatingComparer.java
Saxon/net/sf/saxon/sort/NodeOrderComparer.java
Saxon/net/sf/saxon/sort/DoubleSortComparer.java
Saxon/net/sf/saxon/sort/RuleBasedSubstringMatcher.java
Saxon/net/sf/saxon/sort/Sortable.java
Saxon/net/sf/saxon/sort/AtomicSortComparer.java
Saxon/net/sf/saxon/sort/DocumentSorter.java
Saxon/net/sf/saxon/sort/CodepointCollator.java
Saxon/net/sf/saxon/sort/LowercaseFirstComparer.java
Saxon/net/sf/saxon/sort/SortedGroupIterator.java
Saxon/net/sf/saxon/sort/TupleSorter.java
Saxon/net/sf/saxon/sort/IntHashMap.java
Saxon/net/sf/saxon/sort/DescendingComparer.java
Saxon/net/sf/saxon/sort/CalendarValueComparer.java
Saxon/net/sf/saxon/sort/DecimalSortComparer.java
Saxon/net/sf/saxon/sort/CollatingAtomicComparer.java
Saxon/net/sf/saxon/sort/IntIterator.java
Saxon/net/sf/saxon/sort/GroupIterator.java
Saxon/net/sf/saxon/sort/TupleExpression.java
Saxon/net/sf/saxon/sort/IntHashSet.java
Saxon/net/sf/saxon/sort/SortedIterator.java
Saxon/net/sf/saxon/sort/GenericSorter.java
Saxon/net/sf/saxon/sort/TextComparer.java
Saxon/net/sf/saxon/sort/JavaCollationFactory.java
Saxon/net/sf/saxon/sort/LocalOrderComparer.java
Saxon/net/sf/saxon/sort/GroupStartingIterator.java
Saxon/net/sf/saxon/sort/ComparisonKey.java
Saxon/net/sf/saxon/sort/DocumentOrderIterator.java
Saxon/net/sf/saxon/sort/QuickSort.java
Saxon/net/sf/saxon/sort/SortedTupleIterator.java
Saxon/net/sf/saxon/sort/SubstringMatcher.java
Saxon/net/sf/saxon/sort/GlobalOrderComparer.java
Saxon/net/sf/saxon/sort/CollationURIResolver.java
Saxon/net/sf/saxon/sort/EmptyGreatestComparer.java
Saxon/net/sf/saxon/sort/ComparableAtomicValueComparer.java
Saxon/net/sf/saxon/sort/UppercaseFirstComparer.java
Saxon/net/sf/saxon/sort/GroupEndingIterator.java
Saxon/net/sf/saxon/sort/NumericComparer.java
Saxon/net/sf/saxon/sort/Reverser.java
Saxon/net/sf/saxon/trans/StaticError.java
Saxon/net/sf/saxon/trans/KeyDefinition.java
Saxon/net/sf/saxon/trans/RuleManager.java
Saxon/net/sf/saxon/trans/IndependentContext.java
Saxon/net/sf/saxon/trans/DecimalFormatManager.java
Saxon/net/sf/saxon/trans/XPathException.java
Saxon/net/sf/saxon/trans/Rule.java
Saxon/net/sf/saxon/trans/DecimalSymbols.java
Saxon/net/sf/saxon/trans/UncheckedXPathException.java
Saxon/net/sf/saxon/trans/KeyManager.java
Saxon/net/sf/saxon/trans/Mode.java
Saxon/net/sf/saxon/trans/Variable.java
Saxon/net/sf/saxon/trans/CompilerInfo.java
Saxon/net/sf/saxon/trans/SaxonErrorCode.java
Saxon/net/sf/saxon/trans/DynamicError.java
Saxon/net/sf/saxon/dotnet/DotNetRegularExpression.java
Saxon/net/sf/saxon/dotnet/DotNetURIResolver.java
Saxon/net/sf/saxon/dotnet/DotNetOutputResolver.java
Saxon/net/sf/saxon/dotnet/DotNetPlatform.java
Saxon/net/sf/saxon/dotnet/DotNetRegexIterator.java
Saxon/net/sf/saxon/dotnet/DotNetRegexTranslator.java
Saxon/net/sf/saxon/dotnet/DotNetDomBuilder.java
Saxon/net/sf/saxon/dotnet/DotNetPullProvider.java
Saxon/net/sf/saxon/dotnet/DotNetTokenIterator.java
Saxon/net/sf/saxon/dotnet/DotNetCollectionURIResolver.java
Saxon/net/sf/saxon/dotnet/DotNetExtensionLibrary.java
Saxon/net/sf/saxon/dotnet/DocumentWrapper.java
Saxon/net/sf/saxon/dotnet/DotNetIndependentContext.java
Saxon/net/sf/saxon/dotnet/DotNetReader.java
Saxon/net/sf/saxon/dotnet/DotNetObjectValue.java
Saxon/net/sf/saxon/dotnet/DotNetReceiver.java
Saxon/net/sf/saxon/dotnet/DotNetComparator.java
Saxon/net/sf/saxon/dotnet/DotNetStandardModuleURIResolver.java
Saxon/net/sf/saxon/dotnet/NodeWrapper.java
Saxon/net/sf/saxon/dotnet/DotNetExtensionFunctionFactory.java
Saxon/net/sf/saxon/dotnet/DotNetInputStream.java
Saxon/net/sf/saxon/dotnet/DotNetExternalObjectType.java
Saxon/net/sf/saxon/dotnet/DotNetOutputStream.java
Saxon/net/sf/saxon/dotnet/DotNetCollationFactory.java
Saxon/net/sf/saxon/dotnet/DotNetWriter.java
Saxon/net/sf/saxon/dotnet/DotNetExtensionFunctionCall.java
Saxon/net/sf/saxon/trace/XSLTTraceListener.java
Saxon/net/sf/saxon/trace/XQueryTraceListener.java
Saxon/net/sf/saxon/trace/TraceListener.java
Saxon/net/sf/saxon/trace/TimedTraceListener.java
Saxon/net/sf/saxon/trace/AbstractTraceListener.java
Saxon/net/sf/saxon/trace/InstructionInfoProvider.java
Saxon/net/sf/saxon/trace/Location.java
Saxon/net/sf/saxon/trace/InstructionInfo.java
Saxon/net/sf/saxon/trace/TraceEventMulticaster.java
Saxon/net/sf/saxon/exslt/Random.java
Saxon/net/sf/saxon/exslt/Common.java
Saxon/net/sf/saxon/exslt/Math.java
Saxon/net/sf/saxon/exslt/Date.java
Saxon/net/sf/saxon/exslt/Sets.java
Saxon/net/sf/saxon/sql/SQLElementFactory.java
Saxon/net/sf/saxon/sql/SQLDelete.java
Saxon/net/sf/saxon/sql/SQLUpdate.java
Saxon/net/sf/saxon/sql/SQLInsert.java
Saxon/net/sf/saxon/sql/SQLClose.java
Saxon/net/sf/saxon/sql/SQLQuery.java
Saxon/net/sf/saxon/sql/SQLConnect.java
Saxon/net/sf/saxon/sql/SQLColumn.java
Saxon/net/sf/saxon/style/XSLOtherwise.java
Saxon/net/sf/saxon/style/XSLImport.java
Saxon/net/sf/saxon/style/XSLProcessingInstruction.java
Saxon/net/sf/saxon/style/LiteralResultElement.java
Saxon/net/sf/saxon/style/XSLTStaticContext.java
Saxon/net/sf/saxon/style/XSLGeneralIncorporate.java
Saxon/net/sf/saxon/style/StyleElement.java
Saxon/net/sf/saxon/style/XSLForEachGroup.java
Saxon/net/sf/saxon/style/XSLSort.java
Saxon/net/sf/saxon/style/XSLKey.java
Saxon/net/sf/saxon/style/XSLElement.java
Saxon/net/sf/saxon/style/XSLMatchingSubstring.java
Saxon/net/sf/saxon/style/XSLVariableDeclaration.java
Saxon/net/sf/saxon/style/AbsentExtensionElement.java
Saxon/net/sf/saxon/style/XSLComment.java
Saxon/net/sf/saxon/style/XSLAttribute.java
Saxon/net/sf/saxon/style/UseWhenStaticContext.java
Saxon/net/sf/saxon/style/SaxonCollation.java
Saxon/net/sf/saxon/style/SaxonAssign.java
Saxon/net/sf/saxon/style/XSLCopy.java
Saxon/net/sf/saxon/style/StylesheetProcedure.java
Saxon/net/sf/saxon/style/XSLTemplate.java
Saxon/net/sf/saxon/style/XSLStringConstructor.java
Saxon/net/sf/saxon/style/XSLResultDocument.java
Saxon/net/sf/saxon/style/XSLOutputCharacter.java
Saxon/net/sf/saxon/style/ExpressionContext.java
Saxon/net/sf/saxon/style/XSLChoose.java
Saxon/net/sf/saxon/style/XSLFunction.java
Saxon/net/sf/saxon/style/SaxonScript.java
Saxon/net/sf/saxon/style/SaxonCallTemplate.java
Saxon/net/sf/saxon/style/XSLStylesheet.java
Saxon/net/sf/saxon/style/XSLImportSchema.java
Saxon/net/sf/saxon/style/StylesheetStripper.java
Saxon/net/sf/saxon/style/XSLNamespace.java
Saxon/net/sf/saxon/style/XSLWithParam.java
Saxon/net/sf/saxon/style/XSLIf.java
Saxon/net/sf/saxon/style/XSLFallback.java
Saxon/net/sf/saxon/style/XSLParam.java
Saxon/net/sf/saxon/style/XSLOutput.java
Saxon/net/sf/saxon/style/XSLApplyTemplates.java
Saxon/net/sf/saxon/style/XSLNamespaceAlias.java
Saxon/net/sf/saxon/style/XSLPreserveSpace.java
Saxon/net/sf/saxon/style/XSLDecimalFormat.java
Saxon/net/sf/saxon/style/XSLAttributeSet.java
Saxon/net/sf/saxon/style/XSLPerformSort.java
Saxon/net/sf/saxon/style/XSLGeneralVariable.java
Saxon/net/sf/saxon/style/XSLText.java
Saxon/net/sf/saxon/style/XSLVariable.java
Saxon/net/sf/saxon/style/ExtensionInstruction.java
Saxon/net/sf/saxon/style/XSLNumber.java
Saxon/net/sf/saxon/style/SaxonDoctype.java
Saxon/net/sf/saxon/style/XSLCharacterMap.java
Saxon/net/sf/saxon/style/XSLNextMatch.java
Saxon/net/sf/saxon/style/SaxonEntityRef.java
Saxon/net/sf/saxon/style/UseWhenFilter.java
Saxon/net/sf/saxon/style/XSLCopyOf.java
Saxon/net/sf/saxon/style/XSLWhen.java
Saxon/net/sf/saxon/style/XSLForEach.java
Saxon/net/sf/saxon/style/StyleNodeFactory.java
Saxon/net/sf/saxon/style/XSLSequence.java
Saxon/net/sf/saxon/style/XSLDocument.java
Saxon/net/sf/saxon/style/SaxonImportQuery.java
Saxon/net/sf/saxon/style/XSLInclude.java
Saxon/net/sf/saxon/style/XSLMessage.java
Saxon/net/sf/saxon/style/ExtensionElementFactory.java
Saxon/net/sf/saxon/style/SaxonWhile.java
Saxon/net/sf/saxon/style/XSLAnalyzeString.java
Saxon/net/sf/saxon/style/DataElement.java
Saxon/net/sf/saxon/style/StandardNames.java
Saxon/net/sf/saxon/style/StylesheetFunctionLibrary.java
Saxon/net/sf/saxon/style/XSLValueOf.java
Saxon/net/sf/saxon/style/XSLApplyImports.java
Saxon/net/sf/saxon/style/AttributeValueTemplate.java
Saxon/net/sf/saxon/style/XSLCallTemplate.java
Saxon/net/sf/saxon/xqj/SaxonXQForwardSequence.java
Saxon/net/sf/saxon/xqj/SaxonXQItem.java
Saxon/net/sf/saxon/xqj/SaxonXMLGregorianCalendar.java
Saxon/net/sf/saxon/xqj/SaxonXQConnection.java
Saxon/net/sf/saxon/xqj/SaxonXQExpression.java
Saxon/net/sf/saxon/xqj/SaxonXQItemType.java
Saxon/net/sf/saxon/xqj/SaxonXQDataFactory.java
Saxon/net/sf/saxon/xqj/SaxonXQPreparedExpression.java
Saxon/net/sf/saxon/xqj/SaxonXQSequence.java
Saxon/net/sf/saxon/xqj/SaxonXQDynamicContext.java
Saxon/net/sf/saxon/xqj/SaxonXQDataSource.java
Saxon/net/sf/saxon/xqj/SaxonXQSequenceType.java
Saxon/net/sf/saxon/xqj/SaxonDuration.java
Saxon/net/sf/saxon/xqj/StandardDOMHandler.java
Saxon/net/sf/saxon/xom/DocumentWrapper.java
Saxon/net/sf/saxon/xom/NodeWrapper.java
Saxon/net/sf/saxon/xom/XOMObjectModel.java
Saxon/net/sf/saxon/codenorm/UnicodeData.java
Saxon/net/sf/saxon/codenorm/Normalizer.java
Saxon/net/sf/saxon/codenorm/UnicodeDataGenerator.java
Saxon/net/sf/saxon/codenorm/NormalizerData.java
Saxon/net/sf/saxon/codenorm/UnicodeDataParser.java
Saxon/net/sf/saxon/sxpath/XPathExpression.java
Saxon/net/sf/saxon/sxpath/XPathEvaluator.java
Saxon/net/sf/saxon/functions/DistinctValues.java
Saxon/net/sf/saxon/functions/JavaExtensionLibrary.java
Saxon/net/sf/saxon/functions/BooleanFn.java
Saxon/net/sf/saxon/functions/StandardFunction.java
Saxon/net/sf/saxon/functions/NormalizeUnicode.java
Saxon/net/sf/saxon/functions/Data.java
Saxon/net/sf/saxon/functions/FunctionLibrary.java
Saxon/net/sf/saxon/functions/Replace.java
Saxon/net/sf/saxon/functions/NumberFn.java
Saxon/net/sf/saxon/functions/CodepointEqual.java
Saxon/net/sf/saxon/functions/CompileTimeFunction.java
Saxon/net/sf/saxon/functions/ExtensionFunctionCall.java
Saxon/net/sf/saxon/functions/UnparsedEntity.java
Saxon/net/sf/saxon/functions/NamespaceForPrefix.java
Saxon/net/sf/saxon/functions/Subsequence.java
Saxon/net/sf/saxon/functions/Root.java
Saxon/net/sf/saxon/functions/Matches.java
Saxon/net/sf/saxon/functions/Unicode.java
Saxon/net/sf/saxon/functions/UnparsedText.java
Saxon/net/sf/saxon/functions/Existence.java
Saxon/net/sf/saxon/functions/SystemProperty.java
Saxon/net/sf/saxon/functions/ForceCase.java
Saxon/net/sf/saxon/functions/IndexOf.java
Saxon/net/sf/saxon/functions/CurrentGroup.java
Saxon/net/sf/saxon/functions/ResolveQName.java
Saxon/net/sf/saxon/functions/DateTimeConstructor.java
Saxon/net/sf/saxon/functions/StaticBaseURI.java
Saxon/net/sf/saxon/functions/TreatFn.java
Saxon/net/sf/saxon/functions/DeepEqual.java
Saxon/net/sf/saxon/functions/Parse.java
Saxon/net/sf/saxon/functions/Document.java
Saxon/net/sf/saxon/functions/Contains.java
Saxon/net/sf/saxon/functions/SystemFunctionLibrary.java
Saxon/net/sf/saxon/functions/ConstructorFunctionLibrary.java
Saxon/net/sf/saxon/functions/Available.java
Saxon/net/sf/saxon/functions/FormatNumber2.java
Saxon/net/sf/saxon/functions/QNameFn.java
Saxon/net/sf/saxon/functions/Rounding.java
Saxon/net/sf/saxon/functions/StringJoin.java
Saxon/net/sf/saxon/functions/Serialize.java
Saxon/net/sf/saxon/functions/StringFn.java
Saxon/net/sf/saxon/functions/SystemFunction.java
Saxon/net/sf/saxon/functions/Collection.java
Saxon/net/sf/saxon/functions/Trace.java
Saxon/net/sf/saxon/functions/CurrentDateTime.java
Saxon/net/sf/saxon/functions/Extensions.java
Saxon/net/sf/saxon/functions/Component.java
Saxon/net/sf/saxon/functions/Last.java
Saxon/net/sf/saxon/functions/Position.java
Saxon/net/sf/saxon/functions/Doc.java
Saxon/net/sf/saxon/functions/FunctionLibraryList.java
Saxon/net/sf/saxon/functions/Evaluate.java
Saxon/net/sf/saxon/functions/Nilled.java
Saxon/net/sf/saxon/functions/NamePart.java
Saxon/net/sf/saxon/functions/ExtensionFunctionFactory.java
Saxon/net/sf/saxon/functions/Reverse.java
Saxon/net/sf/saxon/functions/NormalizeSpace.java
Saxon/net/sf/saxon/functions/ExecutableFunctionLibrary.java
Saxon/net/sf/saxon/functions/EscapeURI.java
Saxon/net/sf/saxon/functions/Lang.java
Saxon/net/sf/saxon/functions/CollatingFunction.java
Saxon/net/sf/saxon/functions/Compare.java
Saxon/net/sf/saxon/functions/RegexGroup.java
Saxon/net/sf/saxon/functions/Tokenize.java
Saxon/net/sf/saxon/functions/VendorFunctionLibrary.java
Saxon/net/sf/saxon/functions/Idref.java
Saxon/net/sf/saxon/functions/DefaultCollation.java
Saxon/net/sf/saxon/functions/BaseURI.java
Saxon/net/sf/saxon/functions/Adjust.java
Saxon/net/sf/saxon/functions/Remove.java
Saxon/net/sf/saxon/functions/ResolveURI.java
Saxon/net/sf/saxon/functions/XSLTFunction.java
Saxon/net/sf/saxon/functions/Minimax.java
Saxon/net/sf/saxon/functions/Insert.java
Saxon/net/sf/saxon/functions/InScopePrefixes.java
Saxon/net/sf/saxon/functions/Concat.java
Saxon/net/sf/saxon/functions/StringLength.java
Saxon/net/sf/saxon/functions/URIQueryParameters.java
Saxon/net/sf/saxon/functions/KeyFn.java
Saxon/net/sf/saxon/functions/StandardCollectionURIResolver.java
Saxon/net/sf/saxon/functions/Substring.java
Saxon/net/sf/saxon/functions/Current.java
Saxon/net/sf/saxon/functions/FormatDate.java
Saxon/net/sf/saxon/functions/Aggregate.java
Saxon/net/sf/saxon/functions/Unordered.java
Saxon/net/sf/saxon/functions/Error.java
Saxon/net/sf/saxon/functions/Id.java
Saxon/net/sf/saxon/functions/Translate.java
Saxon/net/sf/saxon/om/ValueRepresentation.java
Saxon/net/sf/saxon/om/AxisIteratorImpl.java
Saxon/net/sf/saxon/om/StrippedNode.java
Saxon/net/sf/saxon/om/XML11Char.java
Saxon/net/sf/saxon/om/LookaheadIterator.java
Saxon/net/sf/saxon/om/NodeInfo.java
Saxon/net/sf/saxon/om/Axis.java
Saxon/net/sf/saxon/om/NameChecker.java
Saxon/net/sf/saxon/om/NamespaceConstant.java
Saxon/net/sf/saxon/om/Name10Checker.java
Saxon/net/sf/saxon/om/NamespaceDeclarationsImpl.java
Saxon/net/sf/saxon/om/Name11Checker.java
Saxon/net/sf/saxon/om/NamePool.java
Saxon/net/sf/saxon/om/NamespaceException.java
Saxon/net/sf/saxon/om/AllElementStripper.java
Saxon/net/sf/saxon/om/AxisIterator.java
Saxon/net/sf/saxon/om/ProcInstParser.java
Saxon/net/sf/saxon/om/QNameException.java
Saxon/net/sf/saxon/om/VirtualDocumentCopy.java
Saxon/net/sf/saxon/om/ExtendedNodeInfo.java
Saxon/net/sf/saxon/om/ReverseArrayIterator.java
Saxon/net/sf/saxon/om/NamespaceDeclarations.java
Saxon/net/sf/saxon/om/ListIterator.java
Saxon/net/sf/saxon/om/ArrayIterator.java
Saxon/net/sf/saxon/om/DocumentNumberAllocator.java
Saxon/net/sf/saxon/om/StrippedDocument.java
Saxon/net/sf/saxon/om/DocumentInfo.java
Saxon/net/sf/saxon/om/Navigator.java
Saxon/net/sf/saxon/om/Validation.java
Saxon/net/sf/saxon/om/VirtualNode.java
Saxon/net/sf/saxon/om/InscopeNamespaceResolver.java
Saxon/net/sf/saxon/om/AtomizableIterator.java
Saxon/net/sf/saxon/om/AttributeCollectionImpl.java
Saxon/net/sf/saxon/om/SiblingCountingNode.java
Saxon/net/sf/saxon/om/FingerprintedNode.java
Saxon/net/sf/saxon/om/NamespaceIterator.java
Saxon/net/sf/saxon/om/PrependIterator.java
Saxon/net/sf/saxon/om/ClosingIterator.java
Saxon/net/sf/saxon/om/DocumentPool.java
Saxon/net/sf/saxon/om/EmptyIterator.java
Saxon/net/sf/saxon/om/SingletonIterator.java
Saxon/net/sf/saxon/om/EmptyNamespaceDeclarationList.java
Saxon/net/sf/saxon/om/FastStringBuffer.java
Saxon/net/sf/saxon/om/NamespaceResolver.java
Saxon/net/sf/saxon/om/AttributeCollection.java
Saxon/net/sf/saxon/om/GroundedIterator.java
Saxon/net/sf/saxon/om/VirtualCopy.java
Saxon/net/sf/saxon/om/SequenceIterator.java
Saxon/net/sf/saxon/om/Orphan.java
Saxon/net/sf/saxon/om/ExternalObjectModel.java
Saxon/net/sf/saxon/om/NamespaceResolverAsDeclarations.java
Saxon/net/sf/saxon/om/ClosingAction.java
Saxon/net/sf/saxon/om/Item.java
Saxon/net/sf/saxon/om/XMLChar.java
Saxon/net/sf/saxon/pull/UnconstructedDocument.java
Saxon/net/sf/saxon/pull/PullNamespaceReducer.java
Saxon/net/sf/saxon/pull/TreeWalker.java
Saxon/net/sf/saxon/pull/ElementNameTracker.java
Saxon/net/sf/saxon/pull/DocumentEventIgnorer.java
Saxon/net/sf/saxon/pull/UnconstructedElement.java
Saxon/net/sf/saxon/pull/PullPushTee.java
Saxon/net/sf/saxon/pull/PullFromIterator.java
Saxon/net/sf/saxon/pull/UnconstructedParent.java
Saxon/net/sf/saxon/pull/VirtualTreeWalker.java
Saxon/net/sf/saxon/pull/PullTracer.java
Saxon/net/sf/saxon/pull/PullPushCopier.java
Saxon/net/sf/saxon/pull/UnparsedEntity.java
Saxon/net/sf/saxon/pull/PullToStax.java
Saxon/net/sf/saxon/pull/PullFilter.java
Saxon/net/sf/saxon/pull/PullProvider.java
Saxon/net/sf/saxon/pull/PullConsumer.java
Saxon/net/sf/saxon/pull/StaxBridge.java
Saxon/net/sf/saxon/pull/PullSource.java
Saxon/net/sf/saxon/dom4j/DocumentWrapper.java
Saxon/net/sf/saxon/dom4j/DOM4JObjectModel.java
Saxon/net/sf/saxon/dom4j/NodeWrapper.java
Saxon/net/sf/saxon/StandardURIResolver.java
Saxon/net/sf/saxon/Query.java
Saxon/net/sf/saxon/Configuration.java
Saxon/net/sf/saxon/StandardErrorHandler.java
Saxon/net/sf/saxon/IdentityTransformerHandler.java
Saxon/net/sf/saxon/Transform.java
Saxon/net/sf/saxon/RelativeURIResolver.java
Saxon/net/sf/saxon/TemplatesHandlerImpl.java
Saxon/net/sf/saxon/StandardErrorListener.java
Saxon/net/sf/saxon/SourceResolver.java
Saxon/net/sf/saxon/Platform.java
Saxon/net/sf/saxon/Version.java
Saxon/net/sf/saxon/Filter.java
Saxon/net/sf/saxon/JavaPlatform.java
Saxon/net/sf/saxon/FeatureKeys.java
Saxon/net/sf/saxon/Compile.java
Saxon/net/sf/saxon/Err.java
Saxon/net/sf/saxon/OutputURIResolver.java
Saxon/net/sf/saxon/TransformerFactoryImpl.java
Saxon/net/sf/saxon/IdentityTransformer.java
Saxon/net/sf/saxon/PreparedStylesheet.java
Saxon/net/sf/saxon/NonDelegatingURIResolver.java
Saxon/net/sf/saxon/TransformerHandlerImpl.java
Saxon/net/sf/saxon/Controller.java
Saxon/net/sf/saxon/AugmentedSource.java
Saxon/net/sf/saxon/CollectionURIResolver.java
